c:\users\liwei\source\repos\ntut-computer-programming-ii\computer-programming-ii\computer-programming-ii\debug\vc141.pdb
c:\users\liwei\source\repos\ntut-computer-programming-ii\computer-programming-ii\computer-programming-ii\debug\vc141.idb
c:\users\liwei\source\repos\ntut-computer-programming-ii\computer-programming-ii\computer-programming-ii\debug\main.obj
c:\users\liwei\source\repos\ntut-computer-programming-ii\computer-programming-ii\computer-programming-ii\debug\chap12_project02b.obj
c:\users\liwei\source\repos\ntut-computer-programming-ii\computer-programming-ii\computer-programming-ii\debug\chap17_project07.obj
c:\users\liwei\source\repos\ntut-computer-programming-ii\computer-programming-ii\computer-programming-ii\debug\chap17_project06.obj
c:\users\liwei\source\repos\ntut-computer-programming-ii\computer-programming-ii\computer-programming-ii\debug\chap17_project05.obj
c:\users\liwei\source\repos\ntut-computer-programming-ii\computer-programming-ii\computer-programming-ii\debug\chap16_project06.obj
c:\users\liwei\source\repos\ntut-computer-programming-ii\computer-programming-ii\computer-programming-ii\debug\chap16_project05.obj
c:\users\liwei\source\repos\ntut-computer-programming-ii\computer-programming-ii\computer-programming-ii\debug\chap16_project04.obj
c:\users\liwei\source\repos\ntut-computer-programming-ii\computer-programming-ii\computer-programming-ii\debug\chap15_project05.obj
c:\users\liwei\source\repos\ntut-computer-programming-ii\computer-programming-ii\computer-programming-ii\debug\chap15_project04.obj
c:\users\liwei\source\repos\ntut-computer-programming-ii\computer-programming-ii\computer-programming-ii\debug\chap13_project10.obj
c:\users\liwei\source\repos\ntut-computer-programming-ii\computer-programming-ii\computer-programming-ii\debug\chap13_project09.obj
c:\users\liwei\source\repos\ntut-computer-programming-ii\computer-programming-ii\computer-programming-ii\debug\chap13_project05.obj
c:\users\liwei\source\repos\ntut-computer-programming-ii\computer-programming-ii\computer-programming-ii\debug\chap12_project07.obj
c:\users\liwei\source\repos\ntut-computer-programming-ii\computer-programming-ii\computer-programming-ii\debug\chap12_project05.obj
c:\users\liwei\source\repos\ntut-computer-programming-ii\computer-programming-ii\computer-programming-ii\debug\chap12_project02a.obj
c:\users\liwei\source\repos\ntut-computer-programming-ii\computer-programming-ii\computer-programming-ii\debug\chap11_project03.obj
c:\users\liwei\source\repos\ntut-computer-programming-ii\computer-programming-ii\computer-programming-ii\debug\chap11_project02.obj
c:\users\liwei\source\repos\ntut-computer-programming-ii\computer-programming-ii\computer-programming-ii\debug\chap11_project01.obj
c:\users\liwei\source\repos\ntut-computer-programming-ii\computer-programming-ii\computer-programming-ii\debug\computer.acde2ae8.tlog\cl.command.1.tlog
c:\users\liwei\source\repos\ntut-computer-programming-ii\computer-programming-ii\computer-programming-ii\debug\computer.acde2ae8.tlog\cl.read.1.tlog
c:\users\liwei\source\repos\ntut-computer-programming-ii\computer-programming-ii\computer-programming-ii\debug\computer.acde2ae8.tlog\cl.write.1.tlog
